<?xml version="1.0" encoding="UTF-8"?>
<!-- Generated by org.testng.reporters.JUnitReportReporter -->
<testsuite skipped="0" hostname="DESKTOP-9AE2FHV" name="webtesting.testngmethodTest" tests="1" failures="0" timestamp="2020-07-16T00:41:54 IST" time="12.263" errors="0">
  <testcase name="method1" time="12.263" classname="webtesting.testngmethodTest"/>
  <system-out/>
</testsuite> <!-- webtesting.testngmethodTest -->
